[00:27:31] [Client thread/INFO]: Setting user: Player649
[00:27:42] [Client thread/WARN]: Skipping bad option: lastServer:
[00:27:42] [Client thread/INFO]: LWJGL Version: 2.9.4
[00:27:43] [Client thread/INFO]: [STDOUT]: ---- Minecraft Crash Report ----
// I'm sorry, Dave.

Time: 2/23/17 12:27 AM
Description: Loading screen debug info

This is just a prompt for computer specs to be printed. THIS IS NOT A ERROR


A detailed walkthrough of the error, its code path and all known details is as follows:
---------------------------------------------------------------------------------------

-- System Details --
Details:
	Minecraft Version: 1.11.2
	Operating System: Windows 10 (amd64) version 10.0
	Java Version: 1.8.0_111, Oracle Corporation
	Java VM Version: Java HotSpot(TM) 64-Bit Server VM (mixed mode), Oracle Corporation
	Memory: 806184376 bytes (768 MB) / 1038876672 bytes (990 MB) up to 1038876672 bytes (990 MB)
	JVM Flags: 3 total; -Xincgc -Xmx1024M -Xms1024M
	IntCache: cache: 0, tcache: 0, allocated: 0, tallocated: 0
	FML: 
	Loaded coremods (and transformers): 
	GL info: ' Vendor: 'Intel' Version: '4.0.0 - Build 10.18.10.4358' Renderer: 'Intel(R) HD Graphics 4000'
[00:27:50] [Client thread/INFO]: Reloading ResourceManager: Default, FMLFileResourcePack:Forge Mod Loader, FMLFileResourcePack:Minecraft Forge, FMLFileResourcePack:Computer Mod
[00:27:57] [Sound Library Loader/INFO]: Starting up SoundSystem...
[00:27:57] [Thread-8/INFO]: Initializing LWJGL OpenAL
[00:27:57] [Thread-8/INFO]: (The LWJGL binding of OpenAL.  For more information, see http://www.lwjgl.org)
[00:27:57] [Thread-8/INFO]: OpenAL initialized.
[00:27:57] [Sound Library Loader/INFO]: Sound engine started
[00:28:08] [Client thread/INFO]: Created: 16x16 textures-atlas
[00:28:09] [Client thread/INFO]: [STDOUT]: Now Rendering @: computermod:blockcomputer
[00:28:09] [Client thread/INFO]: [STDOUT]: Now Rendering @: computermod:blocklaptop
[00:28:09] [Client thread/INFO]: Reloading ResourceManager: Default, FMLFileResourcePack:Forge Mod Loader, FMLFileResourcePack:Minecraft Forge, FMLFileResourcePack:Computer Mod
[00:28:15] [Client thread/INFO]: SoundSystem shutting down...
[00:28:15] [Client thread/WARN]: Author: Paul Lamb, www.paulscode.com
[00:28:15] [Sound Library Loader/INFO]: Starting up SoundSystem...
[00:28:15] [Thread-10/INFO]: Initializing LWJGL OpenAL
[00:28:15] [Thread-10/INFO]: (The LWJGL binding of OpenAL.  For more information, see http://www.lwjgl.org)
[00:28:15] [Thread-10/INFO]: OpenAL initialized.
[00:28:15] [Sound Library Loader/INFO]: Sound engine started
[00:28:24] [Client thread/INFO]: Created: 512x512 textures-atlas
[00:28:27] [Client thread/WARN]: Skipping bad option: lastServer:
[00:28:29] [Realms Notification Availability checker #1/INFO]: Could not authorize you against Realms server: Invalid session id
[00:28:39] [Server thread/INFO]: Starting integrated minecraft server version 1.11.2
[00:28:39] [Server thread/INFO]: Generating keypair
[00:28:41] [Server thread/INFO]: Preparing start region for level 0
[00:28:42] [Server thread/INFO]: Preparing spawn area: 0%
[00:28:43] [Server thread/INFO]: Preparing spawn area: 37%
[00:28:44] [Server thread/INFO]: Preparing spawn area: 92%
[00:28:45] [Server thread/INFO]: Changing view distance to 2, from 10
[00:28:47] [Server thread/INFO]: Player649[local:E:b43a8c60] logged in with entity id 360 at (-33.80084630931458, 72.0, 251.69999998807907)
[00:28:47] [Server thread/INFO]: Player649 joined the game
[00:28:48] [Server thread/INFO]: Saving and pausing game...
[00:28:48] [Server thread/INFO]: Saving chunks for level 'Test World'/Overworld
[00:28:49] [Server thread/INFO]: Saving chunks for level 'Test World'/Nether
[00:28:49] [pool-2-thread-1/WARN]: Couldn't look up profile properties for com.mojang.authlib.GameProfile@23a14c08[id=fc13d9f9-a806-3ae0-82c2-ce24ef162c15,name=Player649,properties={},legacy=false]
com.mojang.authlib.exceptions.AuthenticationException: The client has sent too many requests within a certain amount of time
	at com.mojang.authlib.yggdrasil.YggdrasilAuthenticationService.makeRequest(YggdrasilAuthenticationService.java:79) ~[YggdrasilAuthenticationService.class:?]
	at com.mojang.authlib.yggdrasil.YggdrasilMinecraftSessionService.fillGameProfile(YggdrasilMinecraftSessionService.java:180) [YggdrasilMinecraftSessionService.class:?]
	at com.mojang.authlib.yggdrasil.YggdrasilMinecraftSessionService$1.load(YggdrasilMinecraftSessionService.java:60) [YggdrasilMinecraftSessionService$1.class:?]
	at com.mojang.authlib.yggdrasil.YggdrasilMinecraftSessionService$1.load(YggdrasilMinecraftSessionService.java:57) [YggdrasilMinecraftSessionService$1.class:?]
	at com.google.common.cache.LocalCache$LoadingValueReference.loadFuture(LocalCache.java:3524) [guava-17.0.jar:?]
	at com.google.common.cache.LocalCache$Segment.loadSync(LocalCache.java:2317) [guava-17.0.jar:?]
	at com.google.common.cache.LocalCache$Segment.lockedGetOrLoad(LocalCache.java:2280) [guava-17.0.jar:?]
	at com.google.common.cache.LocalCache$Segment.get(LocalCache.java:2195) [guava-17.0.jar:?]
	at com.google.common.cache.LocalCache.get(LocalCache.java:3934) [guava-17.0.jar:?]
	at com.google.common.cache.LocalCache.getOrLoad(LocalCache.java:3938) [guava-17.0.jar:?]
	at com.google.common.cache.LocalCache$LocalLoadingCache.get(LocalCache.java:4821) [guava-17.0.jar:?]
	at com.google.common.cache.LocalCache$LocalLoadingCache.getUnchecked(LocalCache.java:4827) [guava-17.0.jar:?]
	at com.mojang.authlib.yggdrasil.YggdrasilMinecraftSessionService.fillProfileProperties(YggdrasilMinecraftSessionService.java:170) [YggdrasilMinecraftSessionService.class:?]
	at net.minecraft.client.Minecraft.getProfileProperties(Minecraft.java:3056) [Minecraft.class:?]
	at net.minecraft.client.resources.SkinManager$3.run(SkinManager.java:138) [SkinManager$3.class:?]
	at java.util.concurrent.Executors$RunnableAdapter.call(Unknown Source) [?:1.8.0_111]
	at java.util.concurrent.FutureTask.run(Unknown Source) [?:1.8.0_111]
	at java.util.concurrent.ThreadPoolExecutor.runWorker(Unknown Source) [?:1.8.0_111]
	at java.util.concurrent.ThreadPoolExecutor$Worker.run(Unknown Source) [?:1.8.0_111]
	at java.lang.Thread.run(Unknown Source) [?:1.8.0_111]
[00:28:49] [Server thread/INFO]: Saving chunks for level 'Test World'/The End
[00:28:50] [Server thread/WARN]: Can't keep up! Did the system time change, or is the server overloaded? Running 2903ms behind, skipping 58 tick(s)
[00:29:38] [Server thread/INFO]: Saving and pausing game...
[00:29:38] [Server thread/INFO]: Saving chunks for level 'Test World'/Overworld
[00:29:38] [Server thread/INFO]: Saving chunks for level 'Test World'/Nether
[00:29:38] [Server thread/INFO]: Saving chunks for level 'Test World'/The End
[00:29:38] [Server thread/INFO]: Stopping server
[00:29:38] [Server thread/INFO]: Saving players
[00:29:38] [Server thread/INFO]: Player649 lost connection: TextComponent{text='Disconnected', siblings=[], style=Style{hasParent=false, color=null, bold=null, italic=null, underlined=null, obfuscated=null, clickEvent=null, hoverEvent=null, insertion=null}}
[00:29:38] [Server thread/INFO]: Player649 left the game
[00:29:38] [Server thread/INFO]: Stopping singleplayer server as player logged out
[00:29:38] [Server thread/INFO]: Saving worlds
[00:29:38] [Server thread/INFO]: Saving chunks for level 'Test World'/Overworld
[00:29:38] [Server thread/INFO]: Saving chunks for level 'Test World'/Nether
[00:29:38] [Server thread/INFO]: Saving chunks for level 'Test World'/The End
[00:29:40] [Client thread/INFO]: Stopping!
[00:29:40] [Client thread/INFO]: SoundSystem shutting down...
[00:29:40] [Client thread/WARN]: Author: Paul Lamb, www.paulscode.com
